#
# There is insufficient memory for the Java Runtime Environment to continue.
# Native memory allocation (malloc) failed to allocate 113296 bytes for Chunk::new
# Possible reasons:
#   The system is out of physical RAM or swap space
#   In 32 bit mode, the process size limit was hit
# Possible solutions:
#   Reduce memory load on the system
#   Increase physical memory or swap space
#   Check if swap backing store is full
#   Use 64 bit Java on a 64 bit OS
#   Decrease Java heap size (-Xmx/-Xms)
#   Decrease number of Java threads
#   Decrease Java thread stack sizes (-Xss)
#   Set larger code cache with -XX:ReservedCodeCacheSize=
# This output file may be truncated or incomplete.
#
#  Out of Memory Error (allocation.cpp:323), pid=11912, tid=11636
#
# JRE version: Java(TM) SE Runtime Environment (7.0_45-b18) (build 1.7.0_45-b18)
# Java VM: Java HotSpot(TM) 64-Bit Server VM (24.45-b08 mixed mode windows-amd64 compressed oops)
# Failed to write core dump. Minidumps are not enabled by default on client versions of Windows
#

---------------  T H R E A D  ---------------

Current thread (0x0000000008874800):  JavaThread "C2 CompilerThread0" daemon [_thread_in_native, id=11636, stack(0x000000000a010000,0x000000000a110000)]

Stack: [0x000000000a010000,0x000000000a110000]

Current CompileTask:
C2:   4116  233             com.android.dx.ssa.SsaBasicBlock::forEachInsn (37 bytes)


---------------  P R O C E S S  ---------------

Java Threads: ( => current thread )
  0x000000000a62d800 JavaThread "pool-1-thread-4" [_thread_blocked, id=12360, stack(0x000000000abd0000,0x000000000acd0000)]
  0x000000000a639800 JavaThread "pool-1-thread-3" [_thread_blocked, id=10292, stack(0x000000000aee0000,0x000000000afe0000)]
  0x000000000a5cc800 JavaThread "pool-1-thread-2" [_thread_blocked, id=11908, stack(0x000000000ad00000,0x000000000ae00000)]
  0x000000000a552800 JavaThread "pool-2-thread-1" [_thread_blocked, id=10772, stack(0x000000000aad0000,0x000000000abd0000)]
  0x000000000a55f800 JavaThread "pool-1-thread-1" [_thread_blocked, id=13032, stack(0x000000000a880000,0x000000000a980000)]
  0x0000000008877000 JavaThread "Service Thread" daemon [_thread_blocked, id=12876, stack(0x000000000a380000,0x000000000a480000)]
  0x0000000008876800 JavaThread "C2 CompilerThread1" daemon [_thread_blocked, id=13252, stack(0x000000000a210000,0x000000000a310000)]
=>0x0000000008874800 JavaThread "C2 CompilerThread0" daemon [_thread_in_native, id=11636, stack(0x000000000a010000,0x000000000a110000)]
  0x0000000008872000 JavaThread "Attach Listener" daemon [_thread_blocked, id=12824, stack(0x0000000009de0000,0x0000000009ee0000)]
  0x000000000886f800 JavaThread "Signal Dispatcher" daemon [_thread_blocked, id=13120, stack(0x0000000009b50000,0x0000000009c50000)]
  0x00000000087fe000 JavaThread "Finalizer" daemon [_thread_blocked, id=12224, stack(0x0000000009cb0000,0x0000000009db0000)]
  0x00000000087fb000 JavaThread "Reference Handler" daemon [_thread_blocked, id=12596, stack(0x0000000009a20000,0x0000000009b20000)]
  0x0000000002508000 JavaThread "main" [_thread_in_native, id=12216, stack(0x00000000026c0000,0x00000000027c0000)]

Other Threads:
  0x00000000087f7800 VMThread [stack: 0x00000000098d0000,0x00000000099d0000] [id=12716]
  0x0000000008878800 WatcherThread [stack: 0x000000000a110000,0x000000000a210000] [id=12084]

VM state:not at safepoint (normal execution)

VM Mutex/Monitor currently owned by a thread: None

Heap
 PSYoungGen      total 38400K, used 30917K [0x00000000eaa80000, 0x00000000ed500000, 0x0000000100000000)
  eden space 33280K, 92% used [0x00000000eaa80000,0x00000000ec8b1408,0x00000000ecb00000)
  from space 5120K, 0% used [0x00000000ed000000,0x00000000ed000000,0x00000000ed500000)
  to   space 5120K, 0% used [0x00000000ecb00000,0x00000000ecb00000,0x00000000ed000000)
 ParOldGen       total 86528K, used 0K [0x00000000c0000000, 0x00000000c5480000, 0x00000000eaa80000)
  object space 86528K, 0% used [0x00000000c0000000,0x00000000c0000000,0x00000000c5480000)
 PSPermGen       total 21504K, used 5361K [0x00000000bae00000, 0x00000000bc300000, 0x00000000c0000000)
  object space 21504K, 24% used [0x00000000bae00000,0x00000000bb33c468,0x00000000bc300000)

Card table byte_map: [0x00000000057c0000,0x00000000059f0000] byte_map_base: 0x00000000051e9000

Polling page: 0x00000000001c0000

Code Cache  [0x00000000027c0000, 0x0000000002a30000, 0x00000000057c0000)
 total_blobs=449 nmethods=233 adapters=168 free_code_cache=48290Kb largest_free_block=49424320

Compilation events (10 events):
Event: 4.097 Thread 0x0000000008876800  230             com.android.dx.ssa.SsaMethod::bitSetFromLabelList (47 bytes)
Event: 4.100 Thread 0x0000000008874800 nmethod 229 0x0000000002888150 code [0x00000000028882c0, 0x0000000002888748]
Event: 4.100 Thread 0x0000000008874800  231             com.android.dx.rop.type.Type::equals (31 bytes)
Event: 4.101 Thread 0x0000000008874800 nmethod 231 0x000000000287c6d0 code [0x000000000287c820, 0x000000000287c998]
Event: 4.101 Thread 0x0000000008874800  232             com.android.dx.rop.code.RegisterSpec::makeLocalOptional (7 bytes)
Event: 4.101 Thread 0x0000000008874800 nmethod 232 0x0000000002887f10 code [0x0000000002888060, 0x00000000028880c8]
Event: 4.101 Thread 0x0000000008874800  233             com.android.dx.ssa.SsaBasicBlock::forEachInsn (37 bytes)
Event: 4.103 Thread 0x0000000008876800 nmethod 230 0x000000000287e110 code [0x000000000287e280, 0x000000000287e688]
Event: 4.106 Thread 0x0000000008876800  234             com.android.dx.util.Bits::get (25 bytes)
Event: 4.107 Thread 0x0000000008876800 nmethod 234 0x0000000002888cd0 code [0x0000000002888e00, 0x0000000002888e98]

GC Heap History (0 events):
No events

Deoptimization events (10 events):
Event: 2.452 Thread 0x000000000a55f800 Uncommon trap: reason=unloaded action=reinterpret pc=0x00000000028518b0 method=com.android.dx.dex.file.ClassDefItem.<init>(Lcom/android/dx/rop/cst/CstType;ILcom/android/dx/rop/cst/CstType;Lcom/android/dx/rop/type/TypeList;Lcom/android/dx/rop/cst/CstString;
Event: 3.052 Thread 0x000000000a62d800 Uncommon trap: reason=null_check action=make_not_entrant pc=0x000000000285c340 method=com.android.dx.rop.code.LocalItem.equals(Ljava/lang/Object;)Z @ 1
Event: 3.550 Thread 0x000000000a62d800 Uncommon trap: reason=class_check action=maybe_recompile pc=0x00000000028574a0 method=com.android.dx.ssa.NormalSsaInsn.accept(Lcom/android/dx/ssa/SsaInsn$Visitor;)V @ 9
Event: 3.571 Thread 0x000000000a62d800 Uncommon trap: reason=class_check action=maybe_recompile pc=0x00000000028574a0 method=com.android.dx.ssa.NormalSsaInsn.accept(Lcom/android/dx/ssa/SsaInsn$Visitor;)V @ 9
Event: 3.717 Thread 0x000000000a639800 Uncommon trap: reason=class_check action=maybe_recompile pc=0x0000000002861fd0 method=com.android.dx.rop.type.Type.equals(Ljava/lang/Object;)Z @ 8
Event: 3.717 Thread 0x000000000a639800 Uncommon trap: reason=null_check action=make_not_entrant pc=0x0000000002861fe0 method=com.android.dx.rop.type.Type.equals(Ljava/lang/Object;)Z @ 8
Event: 3.757 Thread 0x000000000a5cc800 Uncommon trap: reason=class_check action=maybe_recompile pc=0x00000000028574a0 method=com.android.dx.ssa.NormalSsaInsn.accept(Lcom/android/dx/ssa/SsaInsn$Visitor;)V @ 9
Event: 3.759 Thread 0x0000000002508000 Uncommon trap: reason=unloaded action=reinterpret pc=0x000000000284d640 method=com.android.dx.cf.cst.ConstantPoolParser.parse0(ILjava/util/BitSet;)Lcom/android/dx/rop/cst/Constant; @ 198
Event: 3.995 Thread 0x000000000a55f800 Uncommon trap: reason=class_check action=maybe_recompile pc=0x00000000028574a0 method=com.android.dx.ssa.NormalSsaInsn.accept(Lcom/android/dx/ssa/SsaInsn$Visitor;)V @ 9
Event: 4.100 Thread 0x000000000a639800 Uncommon trap: reason=class_check action=maybe_recompile pc=0x000000000283f0b0 method=com.android.dx.ssa.NormalSsaInsn.accept(Lcom/android/dx/ssa/SsaInsn$Visitor;)V @ 9

Internal exceptions (10 events):
Event: 2.452 Thread 0x0000000002508000 Threw 0x00000000ebde4ce8 at C:\re\jdk7u45\229\hotspot\src\share\vm\prims\jvm.cpp:1244
Event: 2.452 Thread 0x0000000002508000 Threw 0x00000000ebde6ed8 at C:\re\jdk7u45\229\hotspot\src\share\vm\prims\jvm.cpp:1244
Event: 2.473 Thread 0x0000000002508000 Threw 0x00000000ebdf4408 at C:\re\jdk7u45\229\hotspot\src\share\vm\prims\jvm.cpp:1244
Event: 2.488 Thread 0x000000000a639800 Threw 0x00000000ebb57da0 at C:\re\jdk7u45\229\hotspot\src\share\vm\prims\jvm.cpp:1244
Event: 2.494 Thread 0x000000000a55f800 Threw 0x00000000eb9833a8 at C:\re\jdk7u45\229\hotspot\src\share\vm\prims\jvm.cpp:1244
Event: 2.572 Thread 0x0000000002508000 Threw 0x00000000ebdff2b0 at C:\re\jdk7u45\229\hotspot\src\share\vm\prims\jvm.cpp:1244
Event: 3.052 Thread 0x000000000a62d800 Implicit null exception at 0x000000000285bfd3 to 0x000000000285c32d
Event: 3.642 Thread 0x000000000a62d800 Threw 0x00000000ec2da9a8 at C:\re\jdk7u45\229\hotspot\src\share\vm\prims\jvm.cpp:1244
Event: 3.715 Thread 0x000000000a639800 Threw 0x00000000ebfdc3c0 at C:\re\jdk7u45\229\hotspot\src\share\vm\prims\jvm.cpp:1244
Event: 3.717 Thread 0x000000000a639800 Implicit null exception at 0x0000000002861ed2 to 0x0000000002861fd1

Events (10 events):
Event: 3.759 Thread 0x0000000002508000 DEOPT PACKING pc=0x000000000284d640 sp=0x00000000027be860
Event: 3.759 Thread 0x0000000002508000 DEOPT UNPACKING pc=0x00000000027f75a4 sp=0x00000000027be7e0 mode 2
Event: 3.995 Thread 0x000000000a55f800 Uncommon trap: trap_request=0xffffffde fr.pc=0x00000000028574a0
Event: 3.995 Thread 0x000000000a55f800 DEOPT PACKING pc=0x00000000028574a0 sp=0x000000000a97ec40
Event: 3.996 Thread 0x000000000a55f800 DEOPT UNPACKING pc=0x00000000027f75a4 sp=0x000000000a97eb20 mode 2
Event: 4.002 loading class 0x0000000002581160
Event: 4.002 loading class 0x0000000002581160 done
Event: 4.100 Thread 0x000000000a639800 Uncommon trap: trap_request=0xffffffde fr.pc=0x000000000283f0b0
Event: 4.100 Thread 0x000000000a639800 DEOPT PACKING pc=0x000000000283f0b0 sp=0x000000000afdee30
Event: 4.100 Thread 0x000000000a639800 DEOPT UNPACKING pc=0x00000000027f75a4 sp=0x000000000afded80 mode 2


Dynamic libraries:
0x000000013faf0000 - 0x000000013fb23000 	C:\Program Files\Java\jdk1.7.0_45\bin\java.exe
0x0000000077600000 - 0x00000000777a8000 	C:\windows\SYSTEM32\ntdll.dll
0x00000000774e0000 - 0x00000000775ff000 	C:\windows\system32\kernel32.dll
0x000007fefd570000 - 0x000007fefd5dc000 	C:\windows\system32\KERNELBASE.dll
0x000007fefd5e0000 - 0x000007fefd6bb000 	C:\windows\system32\ADVAPI32.dll
0x000007feff530000 - 0x000007feff5cf000 	C:\windows\system32\msvcrt.dll
0x000007feff240000 - 0x000007feff25f000 	C:\windows\SYSTEM32\sechost.dll
0x000007fefef80000 - 0x000007feff0ad000 	C:\windows\system32\RPCRT4.dll
0x00000000772a0000 - 0x000000007739a000 	C:\windows\system32\USER32.dll
0x000007fefec30000 - 0x000007fefec97000 	C:\windows\system32\GDI32.dll
0x000007fefef70000 - 0x000007fefef7e000 	C:\windows\system32\LPK.dll
0x000007fefd710000 - 0x000007fefd7d9000 	C:\windows\system32\USP10.dll
0x000007fefb4e0000 - 0x000007fefb6d4000 	C:\windows\WinSxS\amd64_microsoft.windows.common-controls_6595b64144ccf1df_6.0.7601.18837_none_fa3b1e3d17594757\COMCTL32.dll
0x000007fefdb50000 - 0x000007fefdbc1000 	C:\windows\system32\SHLWAPI.dll
0x000007feff7e0000 - 0x000007feff80e000 	C:\windows\system32\IMM32.DLL
0x000007fefd860000 - 0x000007fefd969000 	C:\windows\system32\MSCTF.dll
0x000000005b840000 - 0x000000005b912000 	C:\Program Files\Java\jdk1.7.0_45\jre\bin\msvcr100.dll
0x000000005a840000 - 0x000000005b009000 	C:\Program Files\Java\jdk1.7.0_45\jre\bin\server\jvm.dll
0x000007fef2850000 - 0x000007fef2859000 	C:\windows\system32\WSOCK32.dll
0x000007fefd6c0000 - 0x000007fefd70d000 	C:\windows\system32\WS2_32.dll
0x000007fefef60000 - 0x000007fefef68000 	C:\windows\system32\NSI.dll
0x000007fefd500000 - 0x000007fefd53b000 	C:\windows\system32\WINMM.dll
0x00000000777c0000 - 0x00000000777c7000 	C:\windows\system32\PSAPI.DLL
0x0000000060f20000 - 0x0000000060f2f000 	C:\Program Files\Java\jdk1.7.0_45\jre\bin\verify.dll
0x000000005b810000 - 0x000000005b838000 	C:\Program Files\Java\jdk1.7.0_45\jre\bin\java.dll
0x000000005ba30000 - 0x000000005ba45000 	C:\Program Files\Java\jdk1.7.0_45\jre\bin\zip.dll

VM Arguments:
jvm_args: -Djava.awt.headless=true -Xmx1024M -Dfile.encoding=GBK -Duser.country=CN -Duser.language=zh -Duser.variant 
java_command: com.android.dx.command.Main --dex --num-threads=4 --output C:\Users\Android\Desktop\snv\NQAngelDoctor\app\build\intermediates\pre-dexed\release\release_2db230d19c8c6747814522b1aa16c3f4bd8d9679.jar C:\Users\Android\Desktop\snv\NQAngelDoctor\app\build\intermediates\classes\release
Launcher Type: SUN_STANDARD

Environment Variables:
JAVA_HOME=E:\Program Files\Java\jdk1.8.0_45
CLASSPATH=.;E:\Program Files\Java\jdk1.8.0_45\lib
PATH=C:\ProgramData\Oracle\Java\javapath;C:\Program Files (x86)\Intel\iCLS Client\;C:\Program Files\Intel\iCLS Client\;C:\windows\system32;C:\windows;C:\windows\System32\Wbem;C:\windows\System32\WindowsPowerShell\v1.0\;C:\Program Files\Intel\Intel(R) Management Engine Components\DAL;C:\Program Files\Intel\Intel(R) Management Engine Components\IPT;C:\Program Files (x86)\Intel\Intel(R) Management Engine Components\DAL;C:\Program Files (x86)\Intel\Intel(R) Management Engine Components\IPT;E:\Program Files\Java\jdk1.8.0_45\bin;D:\sdk\tools;D:\sdk\platform-tools;D:\apache-ant-1.9.4\bin;E:\Program Files\Java\jdk1.8.0_45\bin; ;C:\Program Files (x86)\Common Files\ThinPrint\;E:\android-ndk-r10c;E:\Program Files (x86)\Subversion\bin;C:\Program Files\TortoiseSVN\bin;D:\apache-tomcat-7.0.72\lib;D:\apache-tomcat-7.0.72\bin
USERNAME=Android
OS=Windows_NT
PROCESSOR_IDENTIFIER=Intel64 Family 6 Model 45 Stepping 7, GenuineIntel



---------------  S Y S T E M  ---------------

OS: Windows 7 , 64 bit Build 7601 Service Pack 1

CPU:total 4 (4 cores per cpu, 1 threads per core) family 6 model 45 stepping 7, cmov, cx8, fxsr, mmx, sse, sse2, sse3, ssse3, sse4.1, sse4.2, popcnt, avx, aes, tsc, tscinvbit, tscinv

Memory: 4k page, physical 8313796k(836012k free), swap 8311944k(5328k free)

vm_info: Java HotSpot(TM) 64-Bit Server VM (24.45-b08) for windows-amd64 JRE (1.7.0_45-b18), built on Oct  8 2013 05:47:22 by "java_re" with unknown MS VC++:1600

time: Thu Oct 20 17:25:04 2016
elapsed time: 4 seconds

