#
# There is insufficient memory for the Java Runtime Environment to continue.
# Native memory allocation (malloc) failed to allocate 625488 bytes for Chunk::new
# Possible reasons:
#   The system is out of physical RAM or swap space
#   In 32 bit mode, the process size limit was hit
# Possible solutions:
#   Reduce memory load on the system
#   Increase physical memory or swap space
#   Check if swap backing store is full
#   Use 64 bit Java on a 64 bit OS
#   Decrease Java heap size (-Xmx/-Xms)
#   Decrease number of Java threads
#   Decrease Java thread stack sizes (-Xss)
#   Set larger code cache with -XX:ReservedCodeCacheSize=
# This output file may be truncated or incomplete.
#
#  Out of Memory Error (allocation.cpp:323), pid=9384, tid=8120
#
# JRE version: Java(TM) SE Runtime Environment (7.0_45-b18) (build 1.7.0_45-b18)
# Java VM: Java HotSpot(TM) 64-Bit Server VM (24.45-b08 mixed mode windows-amd64 compressed oops)
# Failed to write core dump. Minidumps are not enabled by default on client versions of Windows
#

---------------  T H R E A D  ---------------

Current thread (0x00000000089a0800):  JavaThread "C2 CompilerThread0" daemon [_thread_in_native, id=8120, stack(0x0000000009f20000,0x000000000a020000)]

Stack: [0x0000000009f20000,0x000000000a020000]

Current CompileTask:
C2:   7203  753             com.android.dx.cf.code.Ropper::addSetupBlocks (535 bytes)


---------------  P R O C E S S  ---------------

Java Threads: ( => current thread )
  0x000000000a7c9800 JavaThread "pool-2-thread-4" [_thread_in_Java, id=12432, stack(0x00000000099f0000,0x0000000009af0000)]
  0x000000000a5e0800 JavaThread "pool-2-thread-3" [_thread_blocked, id=9040, stack(0x000000000ae90000,0x000000000af90000)]
  0x000000000a64a000 JavaThread "pool-2-thread-2" [_thread_blocked, id=12424, stack(0x000000000aca0000,0x000000000ada0000)]
  0x000000000a648800 JavaThread "pool-3-thread-1" [_thread_blocked, id=10908, stack(0x000000000aaf0000,0x000000000abf0000)]
  0x000000000a6c6800 JavaThread "pool-2-thread-1" [_thread_blocked, id=10824, stack(0x000000000a980000,0x000000000aa80000)]
  0x00000000089a3000 JavaThread "Service Thread" daemon [_thread_blocked, id=7520, stack(0x000000000a260000,0x000000000a360000)]
  0x00000000089a2000 JavaThread "C2 CompilerThread1" daemon [_thread_in_native, id=11892, stack(0x000000000a0a0000,0x000000000a1a0000)]
=>0x00000000089a0800 JavaThread "C2 CompilerThread0" daemon [_thread_in_native, id=8120, stack(0x0000000009f20000,0x000000000a020000)]
  0x000000000899e800 JavaThread "Attach Listener" daemon [_thread_blocked, id=11756, stack(0x0000000009e20000,0x0000000009f20000)]
  0x000000000899d800 JavaThread "Signal Dispatcher" daemon [_thread_blocked, id=10536, stack(0x0000000009ce0000,0x0000000009de0000)]
  0x000000000892e800 JavaThread "Finalizer" daemon [_thread_blocked, id=8236, stack(0x0000000009b90000,0x0000000009c90000)]
  0x000000000892b000 JavaThread "Reference Handler" daemon [_thread_blocked, id=12476, stack(0x00000000097b0000,0x00000000098b0000)]
  0x0000000002478000 JavaThread "main" [_thread_blocked, id=12028, stack(0x00000000026c0000,0x00000000027c0000)]

Other Threads:
  0x0000000008927800 VMThread [stack: 0x00000000098e0000,0x00000000099e0000] [id=11144]
  0x00000000089a4800 WatcherThread [stack: 0x000000000a3a0000,0x000000000a4a0000] [id=10736]

VM state:not at safepoint (normal execution)

VM Mutex/Monitor currently owned by a thread: None

Heap
 PSYoungGen      total 285696K, used 129931K [0x00000000eaa80000, 0x00000000fea80000, 0x0000000100000000)
  eden space 260608K, 40% used [0x00000000eaa80000,0x00000000f10e8a18,0x00000000fa900000)
  from space 25088K, 99% used [0x00000000fc700000,0x00000000fdf7a5a8,0x00000000fdf80000)
  to   space 30720K, 0% used [0x00000000fa900000,0x00000000fa900000,0x00000000fc700000)
 ParOldGen       total 86528K, used 37987K [0x00000000c0000000, 0x00000000c5480000, 0x00000000eaa80000)
  object space 86528K, 43% used [0x00000000c0000000,0x00000000c2518e50,0x00000000c5480000)
 PSPermGen       total 21504K, used 6071K [0x00000000bae00000, 0x00000000bc300000, 0x00000000c0000000)
  object space 21504K, 28% used [0x00000000bae00000,0x00000000bb3eddf8,0x00000000bc300000)

Card table byte_map: [0x00000000057c0000,0x00000000059f0000] byte_map_base: 0x00000000051e9000

Polling page: 0x00000000001c0000

Code Cache  [0x00000000027c0000, 0x0000000002ab0000, 0x00000000057c0000)
 total_blobs=963 nmethods=724 adapters=191 free_code_cache=46468Kb largest_free_block=47311104

Compilation events (10 events):
Event: 6.790 Thread 0x00000000089a0800 nmethod 748 0x0000000002846e50 code [0x0000000002846fa0, 0x00000000028471c8]
Event: 6.790 Thread 0x00000000089a0800  749             com.android.dx.ssa.DeadCodeRemover::process (14 bytes)
Event: 6.793 Thread 0x00000000089a0800 nmethod 749 0x0000000002823f10 code [0x0000000002824080, 0x0000000002824338]
Event: 6.815 Thread 0x00000000089a0800  750             com.android.dx.cf.iface.StdMethod::getEffectiveDescriptor (5 bytes)
Event: 6.815 Thread 0x00000000089a0800 nmethod 750 0x00000000029a0e50 code [0x00000000029a0f80, 0x00000000029a0fd8]
Event: 6.850 Thread 0x00000000089a0800  751             java.util.zip.ZStreamRef::address (5 bytes)
Event: 6.851 Thread 0x00000000089a0800 nmethod 751 0x00000000029a0c50 code [0x00000000029a0d80, 0x00000000029a0dd8]
Event: 6.851 Thread 0x00000000089a0800  752             com.android.dx.rop.cst.CstNat::getDescriptor (5 bytes)
Event: 6.852 Thread 0x00000000089a0800 nmethod 752 0x00000000029a0990 code [0x00000000029a0ac0, 0x00000000029a0b18]
Event: 6.976 Thread 0x00000000089a0800  753             com.android.dx.cf.code.Ropper::addSetupBlocks (535 bytes)

GC Heap History (10 events):
Event: 1.465 GC heap before
{Heap before GC invocations=2 (full 0):
 PSYoungGen      total 38400K, used 38375K [0x00000000eaa80000, 0x00000000ef580000, 0x0000000100000000)
  eden space 33280K, 100% used [0x00000000eaa80000,0x00000000ecb00000,0x00000000ecb00000)
  from space 5120K, 99% used [0x00000000ecb00000,0x00000000ecff9c60,0x00000000ed000000)
  to   space 5120K, 0% used [0x00000000ef080000,0x00000000ef080000,0x00000000ef580000)
 ParOldGen       total 86528K, used 46K [0x00000000c0000000, 0x00000000c5480000, 0x00000000eaa80000)
  object space 86528K, 0% used [0x00000000c0000000,0x00000000c000b990,0x00000000c5480000)
 PSPermGen       total 21504K, used 5856K [0x00000000bae00000, 0x00000000bc300000, 0x00000000c0000000)
  object space 21504K, 27% used [0x00000000bae00000,0x00000000bb3b8150,0x00000000bc300000)
Event: 1.568 GC heap after
Heap after GC invocations=2 (full 0):
 PSYoungGen      total 71680K, used 5098K [0x00000000eaa80000, 0x00000000ef580000, 0x0000000100000000)
  eden space 66560K, 0% used [0x00000000eaa80000,0x00000000eaa80000,0x00000000eeb80000)
  from space 5120K, 99% used [0x00000000ef080000,0x00000000ef57aab8,0x00000000ef580000)
  to   space 5120K, 0% used [0x00000000eeb80000,0x00000000eeb80000,0x00000000ef080000)
 ParOldGen       total 86528K, used 2914K [0x00000000c0000000, 0x00000000c5480000, 0x00000000eaa80000)
  object space 86528K, 3% used [0x00000000c0000000,0x00000000c02d8b38,0x00000000c5480000)
 PSPermGen       total 21504K, used 5856K [0x00000000bae00000, 0x00000000bc300000, 0x00000000c0000000)
  object space 21504K, 27% used [0x00000000bae00000,0x00000000bb3b8150,0x00000000bc300000)
}
Event: 2.202 GC heap before
{Heap before GC invocations=3 (full 0):
 PSYoungGen      total 71680K, used 71658K [0x00000000eaa80000, 0x00000000ef580000, 0x0000000100000000)
  eden space 66560K, 100% used [0x00000000eaa80000,0x00000000eeb80000,0x00000000eeb80000)
  from space 5120K, 99% used [0x00000000ef080000,0x00000000ef57aab8,0x00000000ef580000)
  to   space 5120K, 0% used [0x00000000eeb80000,0x00000000eeb80000,0x00000000ef080000)
 ParOldGen       total 86528K, used 2914K [0x00000000c0000000, 0x00000000c5480000, 0x00000000eaa80000)
  object space 86528K, 3% used [0x00000000c0000000,0x00000000c02d8b38,0x00000000c5480000)
 PSPermGen       total 21504K, used 5910K [0x00000000bae00000, 0x00000000bc300000, 0x00000000c0000000)
  object space 21504K, 27% used [0x00000000bae00000,0x00000000bb3c5968,0x00000000bc300000)
Event: 2.260 GC heap after
Heap after GC invocations=3 (full 0):
 PSYoungGen      total 71680K, used 5114K [0x00000000eaa80000, 0x00000000f3680000, 0x0000000100000000)
  eden space 66560K, 0% used [0x00000000eaa80000,0x00000000eaa80000,0x00000000eeb80000)
  from space 5120K, 99% used [0x00000000eeb80000,0x00000000ef07eac8,0x00000000ef080000)
  to   space 5120K, 0% used [0x00000000f3180000,0x00000000f3180000,0x00000000f3680000)
 ParOldGen       total 86528K, used 9388K [0x00000000c0000000, 0x00000000c5480000, 0x00000000eaa80000)
  object space 86528K, 10% used [0x00000000c0000000,0x00000000c092b0c8,0x00000000c5480000)
 PSPermGen       total 21504K, used 5910K [0x00000000bae00000, 0x00000000bc300000, 0x00000000c0000000)
  object space 21504K, 27% used [0x00000000bae00000,0x00000000bb3c5968,0x00000000bc300000)
}
Event: 2.916 GC heap before
{Heap before GC invocations=4 (full 0):
 PSYoungGen      total 71680K, used 71674K [0x00000000eaa80000, 0x00000000f3680000, 0x0000000100000000)
  eden space 66560K, 100% used [0x00000000eaa80000,0x00000000eeb80000,0x00000000eeb80000)
  from space 5120K, 99% used [0x00000000eeb80000,0x00000000ef07eac8,0x00000000ef080000)
  to   space 5120K, 0% used [0x00000000f3180000,0x00000000f3180000,0x00000000f3680000)
 ParOldGen       total 86528K, used 9388K [0x00000000c0000000, 0x00000000c5480000, 0x00000000eaa80000)
  object space 86528K, 10% used [0x00000000c0000000,0x00000000c092b0c8,0x00000000c5480000)
 PSPermGen       total 21504K, used 5946K [0x00000000bae00000, 0x00000000bc300000, 0x00000000c0000000)
  object space 21504K, 27% used [0x00000000bae00000,0x00000000bb3cea30,0x00000000bc300000)
Event: 3.006 GC heap after
Heap after GC invocations=4 (full 0):
 PSYoungGen      total 138240K, used 5100K [0x00000000eaa80000, 0x00000000f3680000, 0x0000000100000000)
  eden space 133120K, 0% used [0x00000000eaa80000,0x00000000eaa80000,0x00000000f2c80000)
  from space 5120K, 99% used [0x00000000f3180000,0x00000000f367b280,0x00000000f3680000)
  to   space 5120K, 0% used [0x00000000f2c80000,0x00000000f2c80000,0x00000000f3180000)
 ParOldGen       total 86528K, used 17428K [0x00000000c0000000, 0x00000000c5480000, 0x00000000eaa80000)
  object space 86528K, 20% used [0x00000000c0000000,0x00000000c1105320,0x00000000c5480000)
 PSPermGen       total 21504K, used 5946K [0x00000000bae00000, 0x00000000bc300000, 0x00000000c0000000)
  object space 21504K, 27% used [0x00000000bae00000,0x00000000bb3cea30,0x00000000bc300000)
}
Event: 3.885 GC heap before
{Heap before GC invocations=5 (full 0):
 PSYoungGen      total 138240K, used 138220K [0x00000000eaa80000, 0x00000000f3680000, 0x0000000100000000)
  eden space 133120K, 100% used [0x00000000eaa80000,0x00000000f2c80000,0x00000000f2c80000)
  from space 5120K, 99% used [0x00000000f3180000,0x00000000f367b280,0x00000000f3680000)
  to   space 5120K, 0% used [0x00000000f2c80000,0x00000000f2c80000,0x00000000f3180000)
 ParOldGen       total 86528K, used 17428K [0x00000000c0000000, 0x00000000c5480000, 0x00000000eaa80000)
  object space 86528K, 20% used [0x00000000c0000000,0x00000000c1105320,0x00000000c5480000)
 PSPermGen       total 21504K, used 6004K [0x00000000bae00000, 0x00000000bc300000, 0x00000000c0000000)
  object space 21504K, 27% used [0x00000000bae00000,0x00000000bb3dd3d0,0x00000000bc300000)
Event: 3.955 GC heap after
Heap after GC invocations=5 (full 0):
 PSYoungGen      total 138240K, used 5099K [0x00000000eaa80000, 0x00000000fdf80000, 0x0000000100000000)
  eden space 133120K, 0% used [0x00000000eaa80000,0x00000000eaa80000,0x00000000f2c80000)
  from space 5120K, 99% used [0x00000000f2c80000,0x00000000f317ad98,0x00000000f3180000)
  to   space 25088K, 0% used [0x00000000fc700000,0x00000000fc700000,0x00000000fdf80000)
 ParOldGen       total 86528K, used 37164K [0x00000000c0000000, 0x00000000c5480000, 0x00000000eaa80000)
  object space 86528K, 42% used [0x00000000c0000000,0x00000000c244b0d0,0x00000000c5480000)
 PSPermGen       total 21504K, used 6004K [0x00000000bae00000, 0x00000000bc300000, 0x00000000c0000000)
  object space 21504K, 27% used [0x00000000bae00000,0x00000000bb3dd3d0,0x00000000bc300000)
}
Event: 6.198 GC heap before
{Heap before GC invocations=6 (full 0):
 PSYoungGen      total 138240K, used 138219K [0x00000000eaa80000, 0x00000000fdf80000, 0x0000000100000000)
  eden space 133120K, 100% used [0x00000000eaa80000,0x00000000f2c80000,0x00000000f2c80000)
  from space 5120K, 99% used [0x00000000f2c80000,0x00000000f317ad98,0x00000000f3180000)
  to   space 25088K, 0% used [0x00000000fc700000,0x00000000fc700000,0x00000000fdf80000)
 ParOldGen       total 86528K, used 37164K [0x00000000c0000000, 0x00000000c5480000, 0x00000000eaa80000)
  object space 86528K, 42% used [0x00000000c0000000,0x00000000c244b0d0,0x00000000c5480000)
 PSPermGen       total 21504K, used 6033K [0x00000000bae00000, 0x00000000bc300000, 0x00000000c0000000)
  object space 21504K, 28% used [0x00000000bae00000,0x00000000bb3e4608,0x00000000bc300000)
Event: 6.640 GC heap after
Heap after GC invocations=6 (full 0):
 PSYoungGen      total 285696K, used 25065K [0x00000000eaa80000, 0x00000000fea80000, 0x0000000100000000)
  eden space 260608K, 0% used [0x00000000eaa80000,0x00000000eaa80000,0x00000000fa900000)
  from space 25088K, 99% used [0x00000000fc700000,0x00000000fdf7a5a8,0x00000000fdf80000)
  to   space 30720K, 0% used [0x00000000fa900000,0x00000000fa900000,0x00000000fc700000)
 ParOldGen       total 86528K, used 37987K [0x00000000c0000000, 0x00000000c5480000, 0x00000000eaa80000)
  object space 86528K, 43% used [0x00000000c0000000,0x00000000c2518e50,0x00000000c5480000)
 PSPermGen       total 21504K, used 6033K [0x00000000bae00000, 0x00000000bc300000, 0x00000000c0000000)
  object space 21504K, 28% used [0x00000000bae00000,0x00000000bb3e4608,0x00000000bc300000)
}

Deoptimization events (10 events):
Event: 3.465 Thread 0x0000000002478000 Uncommon trap: reason=bimorphic action=maybe_recompile pc=0x0000000002a126ac method=com.android.dx.cf.code.RopperMachine.run(Lcom/android/dx/cf/code/Frame;II)V @ 988
Event: 3.466 Thread 0x0000000002478000 Uncommon trap: reason=bimorphic action=maybe_recompile pc=0x0000000002a126ac method=com.android.dx.cf.code.RopperMachine.run(Lcom/android/dx/cf/code/Frame;II)V @ 988
Event: 3.467 Thread 0x0000000002478000 Uncommon trap: reason=bimorphic action=maybe_recompile pc=0x0000000002a126ac method=com.android.dx.cf.code.RopperMachine.run(Lcom/android/dx/cf/code/Frame;II)V @ 988
Event: 3.467 Thread 0x0000000002478000 Uncommon trap: reason=bimorphic action=maybe_recompile pc=0x0000000002a126ac method=com.android.dx.cf.code.RopperMachine.run(Lcom/android/dx/cf/code/Frame;II)V @ 988
Event: 3.609 Thread 0x0000000002478000 Uncommon trap: reason=null_check action=make_not_entrant pc=0x0000000002a4c59c method=com.android.dx.dex.cf.AttributeTranslator.getSignature(Lcom/android/dx/cf/iface/AttributeList;)Lcom/android/dx/rop/annotation/Annotation; @ 8
Event: 5.383 Thread 0x0000000002478000 Uncommon trap: reason=unloaded action=reinterpret pc=0x000000000296f22c method=com.android.dx.cf.cst.ConstantPoolParser.parse0(ILjava/util/BitSet;)Lcom/android/dx/rop/cst/Constant; @ 176
Event: 5.416 Thread 0x000000000a5e0800 Uncommon trap: reason=class_check action=maybe_recompile pc=0x00000000029f7844 method=com.android.dx.rop.cst.CstLiteral32.equals(Ljava/lang/Object;)Z @ 20
Event: 5.416 Thread 0x000000000a5e0800 Uncommon trap: reason=class_check action=maybe_recompile pc=0x00000000029f7844 method=com.android.dx.rop.cst.CstLiteral32.equals(Ljava/lang/Object;)Z @ 20
Event: 5.416 Thread 0x000000000a5e0800 Uncommon trap: reason=class_check action=maybe_recompile pc=0x00000000029f7844 method=com.android.dx.rop.cst.CstLiteral32.equals(Ljava/lang/Object;)Z @ 20
Event: 5.417 Thread 0x000000000a5e0800 Uncommon trap: reason=class_check action=maybe_recompile pc=0x00000000029f7844 method=com.android.dx.rop.cst.CstLiteral32.equals(Ljava/lang/Object;)Z @ 20

Internal exceptions (10 events):
Event: 1.000 Thread 0x0000000002478000 Implicit null exception at 0x0000000002868312 to 0x0000000002868402
Event: 1.463 Thread 0x0000000002478000 Threw 0x00000000ebb9beb0 at C:\re\jdk7u45\229\hotspot\src\share\vm\prims\jvm.cpp:1244
Event: 1.837 Thread 0x0000000002478000 Implicit null exception at 0x0000000002928733 to 0x0000000002928e15
Event: 1.919 Thread 0x000000000a64a000 Threw 0x00000000ec38a288 at C:\re\jdk7u45\229\hotspot\src\share\vm\prims\jvm.cpp:1244
Event: 2.824 Thread 0x000000000a7c9800 Implicit null exception at 0x00000000029b5411 to 0x00000000029b555d
Event: 2.824 Thread 0x000000000a7c9800 Implicit null exception at 0x0000000002988361 to 0x0000000002988461
Event: 3.043 Thread 0x0000000002478000 Threw 0x00000000eae546b0 at C:\re\jdk7u45\229\hotspot\src\share\vm\prims\jvm.cpp:1244
Event: 3.393 Thread 0x0000000002478000 Threw 0x00000000ee172ac8 at C:\re\jdk7u45\229\hotspot\src\share\vm\prims\jvm.cpp:1244
Event: 3.394 Thread 0x0000000002478000 Threw 0x00000000ee181290 at C:\re\jdk7u45\229\hotspot\src\share\vm\prims\jvm.cpp:1244
Event: 3.609 Thread 0x0000000002478000 Implicit null exception at 0x0000000002a49b7c to 0x0000000002a4c591

Events (10 events):
Event: 6.655 Executing VM operation: BulkRevokeBias done
Event: 6.668 Thread 0x00000000089a0800 flushing nmethod 0x0000000002821d90
Event: 6.668 Thread 0x00000000089a0800 flushing nmethod 0x0000000002823f10
Event: 6.668 Thread 0x00000000089a0800 flushing nmethod 0x000000000282df50
Event: 6.668 Thread 0x00000000089a0800 flushing nmethod 0x000000000282f7d0
Event: 6.745 Thread 0x00000000089a0800 flushing nmethod 0x0000000002846e50
Event: 6.745 Thread 0x00000000089a0800 flushing nmethod 0x000000000284d850
Event: 6.793 Thread 0x00000000089a0800 flushing nmethod 0x0000000002895d90
Event: 6.851 Thread 0x00000000089a0800 flushing nmethod 0x00000000028d31d0
Event: 6.852 Thread 0x00000000089a0800 flushing nmethod 0x00000000028f2410


Dynamic libraries:
0x000000013fc40000 - 0x000000013fc73000 	C:\Program Files\Java\jdk1.7.0_45\bin\java.exe
0x0000000077580000 - 0x0000000077728000 	C:\windows\SYSTEM32\ntdll.dll
0x0000000077460000 - 0x000000007757f000 	C:\windows\system32\kernel32.dll
0x000007fefd170000 - 0x000007fefd1dc000 	C:\windows\system32\KERNELBASE.dll
0x000007feff090000 - 0x000007feff16b000 	C:\windows\system32\ADVAPI32.dll
0x000007fefdf60000 - 0x000007fefdfff000 	C:\windows\system32\msvcrt.dll
0x000007fefda90000 - 0x000007fefdaaf000 	C:\windows\SYSTEM32\sechost.dll
0x000007fefd740000 - 0x000007fefd86d000 	C:\windows\system32\RPCRT4.dll
0x0000000077220000 - 0x000000007731a000 	C:\windows\system32\USER32.dll
0x000007fefef20000 - 0x000007fefef87000 	C:\windows\system32\GDI32.dll
0x000007fefdbc0000 - 0x000007fefdbce000 	C:\windows\system32\LPK.dll
0x000007fefefc0000 - 0x000007feff089000 	C:\windows\system32\USP10.dll
0x000007fefb460000 - 0x000007fefb654000 	C:\windows\WinSxS\amd64_microsoft.windows.common-controls_6595b64144ccf1df_6.0.7601.18837_none_fa3b1e3d17594757\COMCTL32.dll
0x000007feff260000 - 0x000007feff2d1000 	C:\windows\system32\SHLWAPI.dll
0x000007fefef90000 - 0x000007fefefbe000 	C:\windows\system32\IMM32.DLL
0x000007feff3c0000 - 0x000007feff4c9000 	C:\windows\system32\MSCTF.dll
0x000000006dcf0000 - 0x000000006ddc2000 	C:\Program Files\Java\jdk1.7.0_45\jre\bin\msvcr100.dll
0x0000000058de0000 - 0x00000000595a9000 	C:\Program Files\Java\jdk1.7.0_45\jre\bin\server\jvm.dll
0x000007fef1b40000 - 0x000007fef1b49000 	C:\windows\system32\WSOCK32.dll
0x000007feff210000 - 0x000007feff25d000 	C:\windows\system32\WS2_32.dll
0x000007fefda80000 - 0x000007fefda88000 	C:\windows\system32\NSI.dll
0x000007fefd4f0000 - 0x000007fefd52b000 	C:\windows\system32\WINMM.dll
0x0000000077740000 - 0x0000000077747000 	C:\windows\system32\PSAPI.DLL
0x00000000726e0000 - 0x00000000726ef000 	C:\Program Files\Java\jdk1.7.0_45\jre\bin\verify.dll
0x000000006fec0000 - 0x000000006fee8000 	C:\Program Files\Java\jdk1.7.0_45\jre\bin\java.dll
0x000000006fea0000 - 0x000000006feb5000 	C:\Program Files\Java\jdk1.7.0_45\jre\bin\zip.dll
0x000000006fe60000 - 0x000000006fe79000 	C:\Program Files\Java\jdk1.7.0_45\jre\bin\net.dll
0x000007fefc8a0000 - 0x000007fefc8f5000 	C:\windows\system32\mswsock.dll
0x000007fefc890000 - 0x000007fefc897000 	C:\windows\System32\wship6.dll
0x000000006fe80000 - 0x000000006fe91000 	C:\Program Files\Java\jdk1.7.0_45\jre\bin\nio.dll

VM Arguments:
jvm_args: -Djava.awt.headless=true -Xmx1024M -Dfile.encoding=GBK -Duser.country=CN -Duser.language=zh -Duser.variant 
java_command: com.android.dx.command.Main --dex --force-jumbo --num-threads=4 --multi-dex --output C:\Users\Android\Desktop\snv\NQAngelDoctor\app\build\intermediates\transforms\dex\debug\folders\1000\2\CCP_REST_SDK_JAVA_v2.7r_2763d968cf6bfe6c284bfc5ffd90b5462b4ad55a C:\Users\Android\Desktop\snv\NQAngelDoctor\app\src\main\libs\CCP_REST_SDK_JAVA_v2.7r.jar
Launcher Type: SUN_STANDARD

Environment Variables:
JAVA_HOME=E:\Program Files\Java\jdk1.8.0_45
CLASSPATH=.;E:\Program Files\Java\jdk1.8.0_45\lib
PATH=C:\ProgramData\Oracle\Java\javapath;C:\Program Files (x86)\Intel\iCLS Client\;C:\Program Files\Intel\iCLS Client\;C:\windows\system32;C:\windows;C:\windows\System32\Wbem;C:\windows\System32\WindowsPowerShell\v1.0\;C:\Program Files\Intel\Intel(R) Management Engine Components\DAL;C:\Program Files\Intel\Intel(R) Management Engine Components\IPT;C:\Program Files (x86)\Intel\Intel(R) Management Engine Components\DAL;C:\Program Files (x86)\Intel\Intel(R) Management Engine Components\IPT;E:\Program Files\Java\jdk1.8.0_45\bin;D:\sdk\tools;D:\sdk\platform-tools;D:\apache-ant-1.9.4\bin;E:\Program Files\Java\jdk1.8.0_45\bin; ;C:\Program Files (x86)\Common Files\ThinPrint\;E:\android-ndk-r10c;E:\Program Files (x86)\Subversion\bin;C:\Program Files\TortoiseSVN\bin;D:\apache-tomcat-7.0.72\lib;D:\apache-tomcat-7.0.72\bin
USERNAME=Android
OS=Windows_NT
PROCESSOR_IDENTIFIER=Intel64 Family 6 Model 45 Stepping 7, GenuineIntel



---------------  S Y S T E M  ---------------

OS: Windows 7 , 64 bit Build 7601 Service Pack 1

CPU:total 4 (4 cores per cpu, 1 threads per core) family 6 model 45 stepping 7, cmov, cx8, fxsr, mmx, sse, sse2, sse3, ssse3, sse4.1, sse4.2, popcnt, avx, aes, tsc, tscinvbit, tscinv

Memory: 4k page, physical 8313796k(1429148k free), swap 8311944k(755140k free)

vm_info: Java HotSpot(TM) 64-Bit Server VM (24.45-b08) for windows-amd64 JRE (1.7.0_45-b18), built on Oct  8 2013 05:47:22 by "java_re" with unknown MS VC++:1600

time: Thu Oct 20 14:15:18 2016
elapsed time: 7 seconds

